shared/build/intermediates/manifest_merge_blame_file/debug/processDebugManifest/manifest-merger-blame-debug-report.txt
1<?xml version="1.0" encoding="utf-8"?>
2<manifest xmlns:android="http://schemas.android.com/apk/res/android"
3    xmlns:tools="http://schemas.android.com/tools"
4    package="com.example.carsetting.shared" >
5
6    <uses-sdk android:minSdkVersion="34" />
6-->INJECTED
6-->INJECTED
7
8    <application android:appCategory="audio" >
8-->src\main\AndroidManifest.xml:5:5-21:19
8-->src\main\AndroidManifest.xml:5:18-45
9        <meta-data
9-->src\main\AndroidManifest.xml:7:9-9:59
10            android:name="com.google.android.gms.car.application"
10-->src\main\AndroidManifest.xml:8:13-66
11            android:resource="@xml/automotive_app_desc" />
11-->src\main\AndroidManifest.xml:9:13-56
12
13        <service
13-->src\main\AndroidManifest.xml:11:9-19:19
14            android:name="com.example.carsetting.shared.MyMusicService"
14-->src\main\AndroidManifest.xml:12:13-43
15            android:exported="true"
15-->src\main\AndroidManifest.xml:13:13-36
16            tools:ignore="ExportedService" >
16-->src\main\AndroidManifest.xml:14:13-43
17            <intent-filter>
17-->src\main\AndroidManifest.xml:15:13-18:29
18                <action android:name="androidx.media3.session.MediaLibraryService" />
18-->src\main\AndroidManifest.xml:16:17-86
18-->src\main\AndroidManifest.xml:16:25-83
19                <action android:name="android.media.browse.MediaBrowserService" />
19-->src\main\AndroidManifest.xml:17:17-83
19-->src\main\AndroidManifest.xml:17:25-80
20            </intent-filter>
21        </service>
22    </application>
23
24</manifest>